[debug] [2024-09-03T15:20:11.019Z] ----------------------------------------------------------------------
[debug] [2024-09-03T15:20:11.022Z] Command:       /usr/bin/node /usr/local/bin/firebase deploy
[debug] [2024-09-03T15:20:11.022Z] CLI Version:   13.12.0
[debug] [2024-09-03T15:20:11.023Z] Platform:      linux
[debug] [2024-09-03T15:20:11.023Z] Node Version:  v18.19.1
[debug] [2024-09-03T15:20:11.023Z] Time:          Tue Sep 03 2024 16:20:11 GMT+0100 (GMT+01:00)
[debug] [2024-09-03T15:20:11.023Z] ----------------------------------------------------------------------
[debug] 
[debug] [2024-09-03T15:20:11.097Z] > command requires scopes: ["email","openid","https://www.googleapis.com/auth/cloudplatformprojects.readonly","https://www.googleapis.com/auth/firebase","https://www.googleapis.com/auth/cloud-platform"]
[debug] [2024-09-03T15:20:11.098Z] > authorizing via signed-in user (zobirofkir900@gmail.com)
[debug] [2024-09-03T15:20:11.098Z] [iam] checking project csw-chat-4c8e1 for permissions ["firebase.projects.get","firebasehosting.sites.update"]
[debug] [2024-09-03T15:20:11.099Z] > refreshing access token with scopes: []
[debug] [2024-09-03T15:20:11.101Z] >>> [apiv2][query] POST https://www.googleapis.com/oauth2/v3/token [none]
[debug] [2024-09-03T15:20:11.102Z] >>> [apiv2][body] POST https://www.googleapis.com/oauth2/v3/token [omitted]
[debug] [2024-09-03T15:20:11.418Z] <<< [apiv2][status] POST https://www.googleapis.com/oauth2/v3/token 200
[debug] [2024-09-03T15:20:11.419Z] <<< [apiv2][body] POST https://www.googleapis.com/oauth2/v3/token [omitted]
[debug] [2024-09-03T15:20:11.442Z] >>> [apiv2][query] POST https://cloudresourcemanager.googleapis.com/v1/projects/csw-chat-4c8e1:testIamPermissions [none]
[debug] [2024-09-03T15:20:11.443Z] >>> [apiv2][(partial)header] POST https://cloudresourcemanager.googleapis.com/v1/projects/csw-chat-4c8e1:testIamPermissions x-goog-quota-user=projects/csw-chat-4c8e1
[debug] [2024-09-03T15:20:11.443Z] >>> [apiv2][body] POST https://cloudresourcemanager.googleapis.com/v1/projects/csw-chat-4c8e1:testIamPermissions {"permissions":["firebase.projects.get","firebasehosting.sites.update"]}
[debug] [2024-09-03T15:20:12.614Z] <<< [apiv2][status] POST https://cloudresourcemanager.googleapis.com/v1/projects/csw-chat-4c8e1:testIamPermissions 200
[debug] [2024-09-03T15:20:12.614Z] <<< [apiv2][body] POST https://cloudresourcemanager.googleapis.com/v1/projects/csw-chat-4c8e1:testIamPermissions {"permissions":["firebase.projects.get","firebasehosting.sites.update"]}
[debug] [2024-09-03T15:20:12.618Z] >>> [apiv2][query] GET https://firebase.googleapis.com/v1beta1/projects/csw-chat-4c8e1 [none]
[debug] [2024-09-03T15:20:13.275Z] <<< [apiv2][status] GET https://firebase.googleapis.com/v1beta1/projects/csw-chat-4c8e1 200
[debug] [2024-09-03T15:20:13.275Z] <<< [apiv2][body] GET https://firebase.googleapis.com/v1beta1/projects/csw-chat-4c8e1 {"projectId":"csw-chat-4c8e1","projectNumber":"67666033993","displayName":"csw-chat","name":"projects/csw-chat-4c8e1","resources":{"hostingSite":"csw-chat-4c8e1"},"state":"ACTIVE","etag":"1_7a8cfe68-7ec5-4745-9ef8-86fbd2ddbd48"}
[info] 
[info] === Deploying to 'csw-chat-4c8e1'...
[info] 
[info] i  deploying hosting 
[debug] [2024-09-03T15:20:13.290Z] >>> [apiv2][query] POST https://firebasehosting.googleapis.com/v1beta1/projects/-/sites/csw-chat-4c8e1/versions [none]
[debug] [2024-09-03T15:20:13.290Z] >>> [apiv2][body] POST https://firebasehosting.googleapis.com/v1beta1/projects/-/sites/csw-chat-4c8e1/versions {"status":"CREATED","labels":{"deployment-tool":"cli-firebase"}}
